==============================================================================
Testcases                                                                     
==============================================================================
Testcases.Data TC                                                             
==============================================================================
Login with cvv using user and pass                                    | PASS |
------------------------------------------------------------------------------
Login with cvv using user and                                         | PASS |
------------------------------------------------------------------------------
Login with cvv using  and pass                                        | PASS |
------------------------------------------------------------------------------
Login with cvv using user1 and secret_sauce                           | PASS |
------------------------------------------------------------------------------
Testcases.Data TC                                                     | PASS |
4 tests, 4 passed, 0 failed
==============================================================================
Testcases                                                             | PASS |
4 tests, 4 passed, 0 failed
==============================================================================
Output:  C:\Users\saiprakashreddy.s\Automation\RPA\pabot_results\0\output.xml
